{
  "RSpec": {
    "coverage": {
      "/Users/jankoszewski/Dropbox/hungry academy/projects/store_engine/app/controllers/admin/categories_controller.rb": [
        1,
        1,
        1,
        null,
        1,
        0,
        null,
        null,
        1,
        null,
        null,
        1,
        null,
        null,
        1,
        0,
        0,
        null,
        null,
        1,
        0,
        null,
        null,
        1,
        0,
        0,
        0,
        null,
        null,
        1,
        0,
        0,
        null,
        null,
        1,
        null,
        1,
        null,
        1,
        0,
        null,
        null,
        1,
        0,
        0,
        0,
        null,
        null,
        null,
        1,
        0,
        null,
        null,
        1,
        0,
        null,
        null
      ],
      "/Users/jankoszewski/Dropbox/hungry academy/projects/store_engine/app/models/admin.rb": [
        1,
        1,
        0,
        null,
        null
      ],
      "/Users/jankoszewski/Dropbox/hungry academy/projects/store_engine/app/controllers/application_controller.rb": [
        1,
        1,
        1,
        1,
        null,
        1,
        null,
        1,
        0,
        0,
        0,
        null,
        0,
        null,
        null,
        null,
        1,
        null,
        1,
        0,
        null,
        null,
        1,
        0,
        0,
        null,
        0,
        null,
        null,
        null,
        1,
        0,
        0,
        null,
        0,
        null,
        null,
        null,
        1,
        0,
        null,
        null
      ],
      "/Users/jankoszewski/Dropbox/hungry academy/projects/store_engine/app/helpers/application_helper.rb": [
        1,
        null
      ],
      "/Users/jankoszewski/Dropbox/hungry academy/projects/store_engine/app/helpers/admin/dashboard_helper.rb": [
        1,
        null
      ],
      "/Users/jankoszewski/Dropbox/hungry academy/projects/store_engine/app/helpers/billing_information_helper.rb": [
        1,
        null
      ],
      "/Users/jankoszewski/Dropbox/hungry academy/projects/store_engine/app/helpers/cart_items_helper.rb": [
        1,
        null
      ],
      "/Users/jankoszewski/Dropbox/hungry academy/projects/store_engine/app/helpers/carts_helper.rb": [
        1,
        null
      ],
      "/Users/jankoszewski/Dropbox/hungry academy/projects/store_engine/app/helpers/categories_helper.rb": [
        1,
        null
      ],
      "/Users/jankoszewski/Dropbox/hungry academy/projects/store_engine/app/helpers/order_items_helper.rb": [
        1,
        null
      ],
      "/Users/jankoszewski/Dropbox/hungry academy/projects/store_engine/app/helpers/orders_helper.rb": [
        1,
        null
      ],
      "/Users/jankoszewski/Dropbox/hungry academy/projects/store_engine/app/helpers/products_helper.rb": [
        1,
        null
      ],
      "/Users/jankoszewski/Dropbox/hungry academy/projects/store_engine/app/helpers/sessions_helper.rb": [
        1,
        null,
        1,
        0,
        0,
        null,
        null,
        1,
        0,
        0,
        0,
        null,
        null,
        1,
        0,
        null,
        null,
        1,
        0,
        null,
        null,
        1,
        0,
        null,
        null,
        1,
        0,
        null,
        null,
        1,
        0,
        0,
        0,
        null,
        null,
        null,
        1,
        0,
        0,
        null,
        null,
        1,
        0,
        null,
        null,
        1,
        null,
        1,
        0,
        0,
        null,
        null,
        1,
        0,
        null,
        null
      ],
      "/Users/jankoszewski/Dropbox/hungry academy/projects/store_engine/app/helpers/shipping_information_helper.rb": [
        1,
        null
      ],
      "/Users/jankoszewski/Dropbox/hungry academy/projects/store_engine/app/helpers/users_helper.rb": [
        1,
        1,
        0,
        0,
        0,
        null,
        null
      ],
      "/Users/jankoszewski/Dropbox/hungry academy/projects/store_engine/app/models/category.rb": [
        1,
        1,
        null,
        1,
        1,
        null
      ],
      "/Users/jankoszewski/Dropbox/hungry academy/projects/store_engine/app/controllers/admin/dashboard_controller.rb": [
        1,
        1,
        1,
        null,
        1,
        null,
        null,
        1,
        null,
        1,
        0,
        null,
        null,
        1,
        0,
        null,
        null,
        1,
        0,
        0,
        0,
        null,
        null,
        null
      ],
      "/Users/jankoszewski/Dropbox/hungry academy/projects/store_engine/app/models/admin/dashboard.rb": [
        1,
        null,
        null,
        null
      ],
      "/Users/jankoszewski/Dropbox/hungry academy/projects/store_engine/app/controllers/admin/order_items_controller.rb": [
        1,
        1,
        0,
        0,
        0,
        null,
        null,
        1,
        0,
        0,
        0,
        null,
        null
      ],
      "/Users/jankoszewski/Dropbox/hungry academy/projects/store_engine/app/models/order_item.rb": [
        1,
        1,
        null,
        1,
        1,
        null,
        1,
        0,
        null,
        null,
        1,
        0,
        null,
        null,
        null
      ],
      "/Users/jankoszewski/Dropbox/hungry academy/projects/store_engine/app/controllers/admin/orders_controller.rb": [
        1,
        1,
        1,
        null,
        1,
        0,
        null,
        null,
        1,
        0,
        0,
        null,
        null,
        1,
        null,
        null,
        1,
        0,
        0,
        null,
        null,
        1,
        0,
        0,
        null,
        null,
        1,
        1,
        1,
        null,
        1,
        null,
        1,
        0,
        null,
        null,
        1,
        0,
        null,
        null,
        1,
        0,
        null,
        null,
        1,
        0,
        0,
        null,
        0,
        null,
        null,
        null,
        1,
        0,
        0,
        null,
        0,
        null,
        null,
        null,
        1,
        0,
        0,
        0,
        null,
        null,
        null
      ],
      "/Users/jankoszewski/Dropbox/hungry academy/projects/store_engine/app/models/order.rb": [
        1,
        1,
        null,
        1,
        1,
        1,
        null,
        1,
        0,
        null,
        null,
        1,
        0,
        0,
        0,
        null,
        null,
        0,
        0,
        0,
        null,
        null,
        1,
        null,
        null,
        0,
        null,
        0,
        null,
        0,
        null,
        0,
        null,
        0,
        null,
        0,
        null,
        0,
        null,
        0,
        null,
        0,
        null,
        0,
        null,
        0,
        0,
        null,
        null,
        1,
        null,
        0,
        0,
        null,
        null,
        null,
        null,
        null,
        null,
        null,
        null,
        null,
        null,
        null
      ],
      "/Users/jankoszewski/Dropbox/hungry academy/projects/store_engine/app/controllers/admin/products_controller.rb": [
        1,
        1,
        1,
        null,
        1,
        0,
        null,
        null,
        1,
        null,
        null,
        1,
        null,
        null,
        1,
        0,
        0,
        null,
        null,
        1,
        0,
        0,
        null,
        null,
        1,
        0,
        null,
        null,
        1,
        0,
        null,
        0,
        null,
        null,
        1,
        null,
        1,
        null,
        1,
        0,
        null,
        null,
        1,
        0,
        0,
        0,
        null,
        null,
        null,
        1,
        0,
        null,
        null,
        1,
        0,
        null,
        null
      ],
      "/Users/jankoszewski/Dropbox/hungry academy/projects/store_engine/app/models/product.rb": [
        1,
        1,
        null,
        1,
        1,
        null,
        1,
        null,
        1,
        null,
        1,
        0,
        null,
        null,
        1,
        0,
        null,
        null,
        null
      ],
      "/Users/jankoszewski/Dropbox/hungry academy/projects/store_engine/app/controllers/admin/users_controller.rb": [
        1,
        1,
        1,
        1,
        null,
        1,
        0,
        null,
        null,
        1,
        0,
        null,
        null,
        1,
        0,
        null,
        null,
        1,
        0,
        0,
        0,
        0,
        0,
        null,
        0,
        null,
        null,
        null,
        1,
        0,
        null,
        null,
        1,
        0,
        0,
        0,
        0,
        0,
        null,
        0,
        null,
        null,
        null,
        1,
        0,
        0,
        0,
        null,
        null,
        1,
        1,
        null,
        1,
        1,
        0,
        0,
        0,
        null,
        null,
        null,
        1,
        0,
        0,
        null,
        null,
        1,
        0,
        null,
        null,
        1,
        0,
        null,
        null,
        1,
        0,
        0,
        null,
        0,
        null,
        null,
        null,
        1,
        0,
        0,
        null,
        0,
        null,
        null,
        null,
        1,
        0,
        0,
        0,
        null,
        null,
        null
      ],
      "/Users/jankoszewski/Dropbox/hungry academy/projects/store_engine/app/models/user.rb": [
        1,
        1,
        1,
        1,
        1,
        1,
        1,
        1,
        null,
        1,
        null,
        1,
        null,
        1,
        null,
        null,
        1,
        1,
        null,
        1,
        null,
        1,
        0,
        null,
        null
      ],
      "/Users/jankoszewski/Dropbox/hungry academy/projects/store_engine/app/controllers/billing_informations_controller.rb": [
        1,
        null,
        1,
        0,
        0,
        0,
        null,
        null,
        1,
        0,
        0,
        0,
        0,
        null,
        0,
        null,
        null,
        null
      ],
      "/Users/jankoszewski/Dropbox/hungry academy/projects/store_engine/app/models/billing_information.rb": [
        1,
        1,
        1,
        1,
        null,
        null,
        null,
        null,
        null,
        null,
        null,
        null,
        1,
        1,
        1,
        null,
        null,
        null,
        null,
        null,
        1,
        null,
        1,
        null,
        1,
        null,
        1,
        1,
        1,
        1,
        null,
        null
      ],
      "/Users/jankoszewski/Dropbox/hungry academy/projects/store_engine/app/controllers/cart_items_controller.rb": [
        1,
        1,
        0,
        0,
        null,
        null,
        1,
        0,
        0,
        0,
        null,
        null,
        1,
        0,
        0,
        0,
        null,
        null
      ],
      "/Users/jankoszewski/Dropbox/hungry academy/projects/store_engine/app/models/cart_item.rb": [
        1,
        1,
        1,
        1,
        null,
        1,
        0,
        null,
        null,
        1,
        0,
        null,
        null,
        1,
        0,
        null,
        null
      ],
      "/Users/jankoszewski/Dropbox/hungry academy/projects/store_engine/app/controllers/carts_controller.rb": [
        1,
        null,
        1,
        null,
        null,
        1,
        0,
        0,
        0,
        null,
        null
      ],
      "/Users/jankoszewski/Dropbox/hungry academy/projects/store_engine/app/models/cart.rb": [
        1,
        1,
        1,
        1,
        null,
        1,
        0,
        0,
        null,
        0,
        null,
        null,
        null,
        1,
        0,
        0,
        0,
        0,
        null,
        null,
        1,
        0,
        null,
        null,
        1,
        0,
        0,
        null,
        null,
        1,
        0,
        null,
        null,
        null
      ],
      "/Users/jankoszewski/Dropbox/hungry academy/projects/store_engine/app/controllers/categories_controller.rb": [
        1,
        1,
        0,
        null,
        null,
        1,
        null,
        null,
        1,
        null,
        1,
        null,
        1,
        0,
        null,
        null,
        null
      ],
      "/Users/jankoszewski/Dropbox/hungry academy/projects/store_engine/app/controllers/order_items_controller.rb": [
        1,
        null
      ],
      "/Users/jankoszewski/Dropbox/hungry academy/projects/store_engine/app/controllers/orders_controller.rb": [
        1,
        1,
        null,
        1,
        0,
        null,
        null,
        1,
        0,
        0,
        null,
        null,
        1,
        null,
        null,
        1,
        0,
        0,
        null,
        null,
        1,
        0,
        0,
        0,
        null,
        null,
        1,
        1,
        1,
        null,
        1,
        null,
        1,
        0,
        null,
        null,
        1,
        0,
        0,
        null,
        0,
        null,
        null,
        null,
        1,
        0,
        0,
        null,
        0,
        null,
        null,
        null,
        1,
        0,
        0,
        0,
        null,
        null,
        null,
        null
      ],
      "/Users/jankoszewski/Dropbox/hungry academy/projects/store_engine/app/controllers/products_controller.rb": [
        1,
        null,
        1,
        0,
        null,
        null,
        1,
        null,
        null,
        1,
        null,
        1,
        null,
        1,
        0,
        null,
        null
      ],
      "/Users/jankoszewski/Dropbox/hungry academy/projects/store_engine/app/controllers/sessions_controller.rb": [
        1,
        null,
        1,
        null,
        null,
        1,
        0,
        0,
        0,
        0,
        null,
        0,
        0,
        null,
        null,
        null,
        1,
        0,
        0,
        null,
        null
      ],
      "/Users/jankoszewski/Dropbox/hungry academy/projects/store_engine/app/controllers/shipping_informations_controller.rb": [
        1,
        null,
        1,
        0,
        null,
        null,
        1,
        0,
        null,
        null,
        1,
        0,
        0,
        0,
        0,
        null,
        null,
        1,
        0,
        0,
        0,
        0,
        null,
        0,
        null,
        null,
        null
      ],
      "/Users/jankoszewski/Dropbox/hungry academy/projects/store_engine/app/models/shipping_information.rb": [
        1,
        1,
        1,
        1,
        null,
        null,
        null,
        null,
        null,
        1,
        1,
        1,
        null,
        null,
        null,
        null,
        null,
        1,
        1,
        1,
        1,
        null
      ],
      "/Users/jankoszewski/Dropbox/hungry academy/projects/store_engine/app/controllers/users_controller.rb": [
        1,
        1,
        1,
        null,
        1,
        0,
        null,
        null,
        1,
        0,
        null,
        null,
        1,
        0,
        0,
        0,
        0,
        0,
        null,
        0,
        null,
        null,
        null,
        1,
        0,
        null,
        null,
        1,
        0,
        0,
        0,
        0,
        0,
        null,
        0,
        null,
        null,
        null,
        1,
        1,
        null,
        1,
        1,
        0,
        0,
        0,
        null,
        null,
        null,
        1,
        0,
        0,
        null,
        null,
        1,
        0,
        null,
        null,
        1,
        0,
        0,
        null,
        0,
        null,
        null,
        null,
        1,
        0,
        0,
        null,
        0,
        null,
        null,
        null,
        1,
        0,
        0,
        0,
        null,
        null,
        null
      ],
      "/Users/jankoszewski/Dropbox/hungry academy/projects/store_engine/app/models/category_product.rb": [
        1,
        1,
        null,
        1,
        1,
        null
      ]
    },
    "timestamp": 1334839462
  }
}
